[0m14:47:59.181219 [debug] [MainThread]: Sending event: {'category': 'dbt', 'action': 'invocation', 'label': 'start', 'context': [<snowplow_tracker.self_describing_json.SelfDescribingJson object at 0x000002052EEDB190>, <snowplow_tracker.self_describing_json.SelfDescribingJson object at 0x000002052FECDB40>, <snowplow_tracker.self_describing_json.SelfDescribingJson object at 0x000002052FECCEB0>]}


============================== 14:47:59.338464 | 3287fdab-2646-424d-b2b7-a73f5152df7a ==============================
[0m14:47:59.338464 [info ] [MainThread]: Running with dbt=1.9.1
[0m14:47:59.340848 [debug] [MainThread]: running dbt with arguments {'printer_width': '80', 'indirect_selection': 'eager', 'log_cache_events': 'False', 'write_json': 'True', 'partial_parse': 'True', 'cache_selected_only': 'False', 'profiles_dir': 'C:\\Users\\aweaver\\.dbt', 'version_check': 'True', 'debug': 'False', 'log_path': 'logs', 'fail_fast': 'False', 'warn_error': 'None', 'use_colors': 'True', 'use_experimental_parser': 'False', 'no_print': 'None', 'quiet': 'False', 'empty': 'None', 'log_format': 'default', 'static_parser': 'True', 'invocation_command': 'dbt init', 'warn_error_options': 'WarnErrorOptions(include=[], exclude=[])', 'target_path': 'None', 'introspect': 'True', 'send_anonymous_usage_stats': 'True'}
[0m14:48:56.808900 [debug] [MainThread]: Starter project path: C:\Users\aweaver\sf-bop-data\.venv\lib\site-packages\dbt\include\starter_project
[0m14:48:56.963715 [info ] [MainThread]: 
Your new dbt project "bop_dbt" was created!

For more information on how to configure the profiles.yml file,
please consult the dbt documentation here:

  https://docs.getdbt.com/docs/configure-your-profile

One more thing:

Need help? Don't hesitate to reach out to us via GitHub issues or on Slack:

  https://community.getdbt.com/

Happy modeling!

[0m14:48:56.969287 [info ] [MainThread]: Setting up your profile.
[0m14:54:30.939099 [info ] [MainThread]: Profile bop_dbt written to C:\Users\aweaver\.dbt\profiles.yml using target's profile_template.yml and your supplied values. Run 'dbt debug' to validate the connection.
[0m14:54:30.943463 [debug] [MainThread]: Command `dbt init` succeeded at 14:54:30.942421 after 392.22 seconds
[0m14:54:30.945537 [debug] [MainThread]: Sending event: {'category': 'dbt', 'action': 'invocation', 'label': 'end', 'context': [<snowplow_tracker.self_describing_json.SelfDescribingJson object at 0x000002052EEDB190>, <snowplow_tracker.self_describing_json.SelfDescribingJson object at 0x000002052FAAC5E0>, <snowplow_tracker.self_describing_json.SelfDescribingJson object at 0x000002052FAAC520>]}
[0m14:54:30.946628 [debug] [MainThread]: Flushing usage events
[0m14:54:31.223359 [debug] [MainThread]: An error was encountered while trying to flush usage events
[0m14:54:43.314105 [debug] [MainThread]: Sending event: {'category': 'dbt', 'action': 'invocation', 'label': 'start', 'context': [<snowplow_tracker.self_describing_json.SelfDescribingJson object at 0x000001FF599601C0>, <snowplow_tracker.self_describing_json.SelfDescribingJson object at 0x000001FF5A78E680>, <snowplow_tracker.self_describing_json.SelfDescribingJson object at 0x000001FF5A78E4A0>]}


============================== 14:54:43.328353 | c14d769a-238c-4657-817f-b35e8cd98dbe ==============================
[0m14:54:43.328353 [info ] [MainThread]: Running with dbt=1.9.1
[0m14:54:43.331238 [debug] [MainThread]: running dbt with arguments {'printer_width': '80', 'indirect_selection': 'eager', 'log_cache_events': 'False', 'write_json': 'True', 'partial_parse': 'True', 'cache_selected_only': 'False', 'profiles_dir': 'C:\\Users\\aweaver\\.dbt', 'version_check': 'True', 'warn_error': 'None', 'log_path': 'logs', 'debug': 'False', 'fail_fast': 'False', 'use_colors': 'True', 'use_experimental_parser': 'False', 'empty': 'None', 'quiet': 'False', 'no_print': 'None', 'warn_error_options': 'WarnErrorOptions(include=[], exclude=[])', 'introspect': 'True', 'invocation_command': 'dbt debug', 'log_format': 'default', 'target_path': 'None', 'static_parser': 'True', 'send_anonymous_usage_stats': 'True'}
[0m14:54:43.533271 [info ] [MainThread]: dbt version: 1.9.1
[0m14:54:43.536805 [info ] [MainThread]: python version: 3.10.12
[0m14:54:43.540468 [info ] [MainThread]: python path: C:\Users\aweaver\sf-bop-data\.venv\Scripts\python.exe
[0m14:54:43.543847 [info ] [MainThread]: os info: Windows-10-10.0.19045-SP0
[0m14:54:46.299548 [info ] [MainThread]: Error importing adapter: No module named 'dbt.adapters.duckdb'
[0m14:54:46.306868 [info ] [MainThread]: Error importing adapter: No module named 'dbt.adapters.duckdb'
[0m14:54:46.315126 [info ] [MainThread]: Error importing adapter: No module named 'dbt.adapters.duckdb'
[0m14:54:46.323261 [info ] [MainThread]: Error importing adapter: No module named 'dbt.adapters.duckdb'
[0m14:54:46.343011 [info ] [MainThread]: Error importing adapter: No module named 'dbt.adapters.duckdb'
[0m14:54:46.351314 [info ] [MainThread]: Error importing adapter: No module named 'dbt.adapters.duckdb'
[0m14:54:46.353541 [info ] [MainThread]: Using profiles dir at C:\Users\aweaver\.dbt
[0m14:54:46.357782 [info ] [MainThread]: Using profiles.yml file at C:\Users\aweaver\.dbt\profiles.yml
[0m14:54:46.359917 [info ] [MainThread]: Using dbt_project.yml file at C:\Users\aweaver\sf-bop-data\dbt_project.yml
[0m14:54:46.362076 [info ] [MainThread]: Configuration:
[0m14:54:46.364289 [info ] [MainThread]:   profiles.yml file [[31mERROR invalid[0m]
[0m14:54:46.366595 [info ] [MainThread]:   dbt_project.yml file [[31mERROR not found[0m]
[0m14:54:46.368947 [info ] [MainThread]: Required dependencies:
[0m14:54:46.370833 [debug] [MainThread]: Executing "git --help"
[0m14:54:47.134411 [debug] [MainThread]: STDOUT: "b"usage: git [-v | --version] [-h | --help] [-C <path>] [-c <name>=<value>]\n           [--exec-path[=<path>]] [--html-path] [--man-path] [--info-path]\n           [-p | --paginate | -P | --no-pager] [--no-replace-objects] [--bare]\n           [--git-dir=<path>] [--work-tree=<path>] [--namespace=<name>]\n           [--config-env=<name>=<envvar>] <command> [<args>]\n\nThese are common Git commands used in various situations:\n\nstart a working area (see also: git help tutorial)\n   clone     Clone a repository into a new directory\n   init      Create an empty Git repository or reinitialize an existing one\n\nwork on the current change (see also: git help everyday)\n   add       Add file contents to the index\n   mv        Move or rename a file, a directory, or a symlink\n   restore   Restore working tree files\n   rm        Remove files from the working tree and from the index\n\nexamine the history and state (see also: git help revisions)\n   bisect    Use binary search to find the commit that introduced a bug\n   diff      Show changes between commits, commit and working tree, etc\n   grep      Print lines matching a pattern\n   log       Show commit logs\n   show      Show various types of objects\n   status    Show the working tree status\n\ngrow, mark and tweak your common history\n   branch    List, create, or delete branches\n   commit    Record changes to the repository\n   merge     Join two or more development histories together\n   rebase    Reapply commits on top of another base tip\n   reset     Reset current HEAD to the specified state\n   switch    Switch branches\n   tag       Create, list, delete or verify a tag object signed with GPG\n\ncollaborate (see also: git help workflows)\n   fetch     Download objects and refs from another repository\n   pull      Fetch from and integrate with another repository or a local branch\n   push      Update remote refs along with associated objects\n\n'git help -a' and 'git help -g' list available subcommands and some\nconcept guides. See 'git help <command>' or 'git help <concept>'\nto read about a specific subcommand or concept.\nSee 'git help git' for an overview of the system.\n""
[0m14:54:47.135966 [debug] [MainThread]: STDERR: "b''"
[0m14:54:47.139004 [info ] [MainThread]:  - git [[32mOK found[0m]

[0m14:54:47.141989 [info ] [MainThread]: Connection test skipped since no profile was found
[0m14:54:47.143722 [info ] [MainThread]: [31m2 checks failed:[0m
[0m14:54:47.150248 [info ] [MainThread]: Could not load dbt_project.yml
Profile loading failed for the following reason:
Runtime Error
  Credentials in profile "dbt_bop", target "dev" invalid: Runtime Error
    Could not find adapter type duckdb!

Runtime Error
  Credentials in profile "dbt_project", target "dev" invalid: Runtime Error
    Could not find adapter type duckdb!

Runtime Error
  Credentials in profile "hit_ratio_db", target "dev" invalid: Runtime Error
    Could not find adapter type duckdb!

Runtime Error
  Credentials in profile "hit_ratio_model", target "dev" invalid: Runtime Error
    Could not find adapter type duckdb!

Runtime Error
  Credentials in profile "sql_server", target "dev" invalid: Runtime Error
    Could not find adapter type duckdb!

Runtime Error
  Credentials in profile "submission_db", target "dev" invalid: Runtime Error
    Could not find adapter type duckdb!


[0m14:54:47.162292 [info ] [MainThread]: Project loading failed for the following reason:
 project path <C:\Users\aweaver\sf-bop-data\dbt_project.yml> not found

[0m14:54:47.165907 [debug] [MainThread]: Command `dbt debug` failed at 14:54:47.165907 after 4.61 seconds
[0m14:54:47.169163 [debug] [MainThread]: Sending event: {'category': 'dbt', 'action': 'invocation', 'label': 'end', 'context': [<snowplow_tracker.self_describing_json.SelfDescribingJson object at 0x000001FF599601C0>, <snowplow_tracker.self_describing_json.SelfDescribingJson object at 0x000001FF5A2A7760>, <snowplow_tracker.self_describing_json.SelfDescribingJson object at 0x000001FF5A276500>]}
[0m14:54:47.171481 [debug] [MainThread]: Flushing usage events
[0m14:54:47.303779 [debug] [MainThread]: An error was encountered while trying to flush usage events
